Determining if the pthread_create exist failed with the following output:
Change Dir: /home/wael/Téléchargements/GLDV/CMakeFiles/CMakeTmp

Run Build Command:"/usr/bin/make" "cmTC_d6f4c/fast"
/usr/bin/make -f CMakeFiles/cmTC_d6f4c.dir/build.make CMakeFiles/cmTC_d6f4c.dir/build
make[1] : on entre dans le répertoire « /home/wael/Téléchargements/GLDV/CMakeFiles/CMakeTmp »
Building C object CMakeFiles/cmTC_d6f4c.dir/CheckSymbolExists.c.o
/usr/bin/cc     -o CMakeFiles/cmTC_d6f4c.dir/CheckSymbolExists.c.o   -c /home/wael/Téléchargements/GLDV/CMakeFiles/CMakeTmp/CheckSymbolExists.c
Linking C executable cmTC_d6f4c
/usr/bin/cmake -E cmake_link_script CMakeFiles/cmTC_d6f4c.dir/link.txt --verbose=1
/usr/bin/cc       CMakeFiles/cmTC_d6f4c.dir/CheckSymbolExists.c.o  -o cmTC_d6f4c -rdynamic 
CMakeFiles/cmTC_d6f4c.dir/CheckSymbolExists.c.o : Dans la fonction « main » :
CheckSymbolExists.c:(.text+0x16) : référence indéfinie vers « pthread_create »
collect2: error: ld returned 1 exit status
CMakeFiles/cmTC_d6f4c.dir/build.make:97 : la recette pour la cible « cmTC_d6f4c » a échouée
make[1]: *** [cmTC_d6f4c] Erreur 1
make[1] : on quitte le répertoire « /home/wael/Téléchargements/GLDV/CMakeFiles/CMakeTmp »
Makefile:126 : la recette pour la cible « cmTC_d6f4c/fast » a échouée
make: *** [cmTC_d6f4c/fast] Erreur 2

File /home/wael/Téléchargements/GLDV/CMakeFiles/CMakeTmp/CheckSymbolExists.c:
/* */
#include <pthread.h>

int main(int argc, char** argv)
{
  (void)argv;
#ifndef pthread_create
  return ((int*)(&pthread_create))[argc];
#else
  (void)argc;
  return 0;
#endif
}

Determining if the function pthread_create exists in the pthreads failed with the following output:
Change Dir: /home/wael/Téléchargements/GLDV/CMakeFiles/CMakeTmp

Run Build Command:"/usr/bin/make" "cmTC_c5d9e/fast"
/usr/bin/make -f CMakeFiles/cmTC_c5d9e.dir/build.make CMakeFiles/cmTC_c5d9e.dir/build
make[1] : on entre dans le répertoire « /home/wael/Téléchargements/GLDV/CMakeFiles/CMakeTmp »
Building C object CMakeFiles/cmTC_c5d9e.dir/CheckFunctionExists.c.o
/usr/bin/cc    -DCHECK_FUNCTION_EXISTS=pthread_create   -o CMakeFiles/cmTC_c5d9e.dir/CheckFunctionExists.c.o   -c /usr/share/cmake-3.5/Modules/CheckFunctionExists.c
Linking C executable cmTC_c5d9e
/usr/bin/cmake -E cmake_link_script CMakeFiles/cmTC_c5d9e.dir/link.txt --verbose=1
/usr/bin/cc   -DCHECK_FUNCTION_EXISTS=pthread_create    CMakeFiles/cmTC_c5d9e.dir/CheckFunctionExists.c.o  -o cmTC_c5d9e -rdynamic -lpthreads 
/usr/bin/ld : ne peut trouver -lpthreads
collect2: error: ld returned 1 exit status
CMakeFiles/cmTC_c5d9e.dir/build.make:97 : la recette pour la cible « cmTC_c5d9e » a échouée
make[1]: *** [cmTC_c5d9e] Erreur 1
make[1] : on quitte le répertoire « /home/wael/Téléchargements/GLDV/CMakeFiles/CMakeTmp »
Makefile:126 : la recette pour la cible « cmTC_c5d9e/fast » a échouée
make: *** [cmTC_c5d9e/fast] Erreur 2


